<?xml version="1.0" encoding="UTF-8"?>
<!-- Generated by org.testng.reporters.JUnitReportReporter -->
<testsuite hostname="shparki" failures="0" tests="1" name="testcases.AddItemToCart" time="1.576" errors="0" timestamp="2023-06-09T02:47:26 EDT" skipped="0">
  <testcase classname="testcases.AddItemToCart" name="addToCart" time="1.576"/>
</testsuite> <!-- testcases.AddItemToCart -->
